<?xml version="1.0" encoding="UTF-8"?>
<testsuite xmlns:xsi="http://www.w3.org/2001/XMLSchema-instance" xsi:noNamespaceSchemaLocation="https://maven.apache.org/surefire/maven-surefire-plugin/xsd/surefire-test-report-3.0.xsd" version="3.0" name="com.ajay.HolidayVilla.HolidayVillaApplicationTests" time="36.081" tests="1" errors="0" skipped="0" failures="0">
  <properties>
[...]
</properties>
  <testcase name="contextLoads" classname="com.ajay.HolidayVilla.HolidayVillaApplicationTests" time="1.251">
    <system-out><![CDATA[13:10:00.617 [main] INFO org.springframework.test.context.support.AnnotationConfigContextLoaderUtils -- Could not detect default configuration classes for test class [com.ajay.HolidayVilla.HolidayVillaApplicationTests]: HolidayVillaApplicationTests does not declare any static, non-private, non-final, nested classes annotated with @Configuration.
13:10:01.027 [main] INFO org.springframework.boot.test.context.SpringBootTestContextBootstrapper -- Found @SpringBootConfiguration com.ajay.HolidayVilla.HolidayVillaApplication for test class com.ajay.HolidayVilla.HolidayVillaApplicationTests

  .   ____          _            __ _ _
 /\\ / ___'_ __ _ _(_)_ __  __ _ \ \ \ \
( ( )\___ | '_ | '_| | '_ \/ _` | \ \ \ \
 \\/  ___)| |_)| | | | | || (_| |  ) ) ) )
  '  |____| .__|_| |_|_| |_\__, | / / / /
 =========|_|==============|___/=/_/_/_/

 :: Spring Boot ::                (v3.3.3)

2025-05-11T13:10:02.912+05:30  INFO 20924 --- [HolidayVilla] [           main] c.a.H.HolidayVillaApplicationTests       : Starting HolidayVillaApplicationTests using Java 21.0.2 with PID 20924 (started by rames in C:\Users\rames\Desktop\AccioJob\HolidayVilla)
2025-05-11T13:10:02.919+05:30  INFO 20924 --- [HolidayVilla] [           main] c.a.H.HolidayVillaApplicationTests       : No active profile set, falling back to 1 default profile: "default"
2025-05-11T13:10:06.391+05:30  INFO 20924 --- [HolidayVilla] [           main] .s.d.r.c.RepositoryConfigurationDelegate : Bootstrapping Spring Data JPA repositories in DEFAULT mode.
2025-05-11T13:10:06.736+05:30  INFO 20924 --- [HolidayVilla] [           main] .s.d.r.c.RepositoryConfigurationDelegate : Finished Spring Data repository scanning in 320 ms. Found 10 JPA repository interfaces.
2025-05-11T13:10:08.391+05:30  INFO 20924 --- [HolidayVilla] [           main] o.hibernate.jpa.internal.util.LogHelper  : HHH000204: Processing PersistenceUnitInfo [name: default]
2025-05-11T13:10:08.630+05:30  INFO 20924 --- [HolidayVilla] [           main] org.hibernate.Version                    : HHH000412: Hibernate ORM core version 6.5.2.Final
2025-05-11T13:10:08.792+05:30  INFO 20924 --- [HolidayVilla] [           main] o.h.c.internal.RegionFactoryInitiator    : HHH000026: Second-level cache disabled
2025-05-11T13:10:09.834+05:30  INFO 20924 --- [HolidayVilla] [           main] o.s.o.j.p.SpringPersistenceUnitInfo      : No LoadTimeWeaver setup: ignoring JPA class transformer
2025-05-11T13:10:09.920+05:30  INFO 20924 --- [HolidayVilla] [           main] com.zaxxer.hikari.HikariDataSource       : HikariPool-1 - Starting...
2025-05-11T13:10:12.752+05:30  INFO 20924 --- [HolidayVilla] [           main] com.zaxxer.hikari.pool.HikariPool        : HikariPool-1 - Added connection com.mysql.cj.jdbc.ConnectionImpl@1b485c8b
2025-05-11T13:10:12.758+05:30  INFO 20924 --- [HolidayVilla] [           main] com.zaxxer.hikari.HikariDataSource       : HikariPool-1 - Start completed.
2025-05-11T13:10:18.186+05:30  INFO 20924 --- [HolidayVilla] [           main] o.h.e.t.j.p.i.JtaPlatformInitiator       : HHH000489: No JTA platform available (set 'hibernate.transaction.jta.platform' to enable JTA platform integration)
2025-05-11T13:10:27.261+05:30  INFO 20924 --- [HolidayVilla] [           main] j.LocalContainerEntityManagerFactoryBean : Initialized JPA EntityManagerFactory for persistence unit 'default'
2025-05-11T13:10:28.203+05:30  INFO 20924 --- [HolidayVilla] [           main] o.s.d.j.r.query.QueryEnhancerFactory     : Hibernate is in classpath; If applicable, HQL parser will be used.
2025-05-11T13:10:31.621+05:30  WARN 20924 --- [HolidayVilla] [           main] JpaBaseConfiguration$JpaWebConfiguration : spring.jpa.open-in-view is enabled by default. Therefore, database queries may be performed during view rendering. Explicitly configure spring.jpa.open-in-view to disable this warning
2025-05-11T13:10:31.780+05:30  INFO 20924 --- [HolidayVilla] [           main] eAuthenticationProviderManagerConfigurer : Global AuthenticationManager configured with AuthenticationProvider bean with name getDaoAuthenticationProvider
2025-05-11T13:10:31.783+05:30  WARN 20924 --- [HolidayVilla] [           main] r$InitializeUserDetailsManagerConfigurer : Global AuthenticationManager configured with an AuthenticationProvider bean. UserDetailsService beans will not be used for username/password login. Consider removing the AuthenticationProvider bean. Alternatively, consider using the UserDetailsService in a manually instantiated DaoAuthenticationProvider.
2025-05-11T13:10:34.304+05:30  INFO 20924 --- [HolidayVilla] [           main] c.a.H.HolidayVillaApplicationTests       : Started HolidayVillaApplicationTests in 32.532 seconds (process running for 37.308)
]]></system-out>
    <system-err><![CDATA[WARNING: A Java agent has been loaded dynamically (C:\Users\rames\.m2\repository\net\bytebuddy\byte-buddy-agent\1.14.19\byte-buddy-agent-1.14.19.jar)
WARNING: If a serviceability tool is in use, please run with -XX:+EnableDynamicAgentLoading to hide this warning
WARNING: If a serviceability tool is not in use, please run with -Djdk.instrument.traceUsage for more information
WARNING: Dynamic loading of agents will be disallowed by default in a future release
]]></system-err>
  </testcase>
</testsuite>